2024-10-19T06:07:15.850+05:30  INFO 75319 --- [main] lk.ijse.task_api.TaskApiApplication      : Starting TaskApiApplication using Java 22.0.2 with PID 75319 (/home/ranjith-suranga/Downloads/task-api/target/classes started by ranjith-suranga in /home/ranjith-suranga/Downloads/task-api)
2024-10-19T06:07:15.853+05:30  INFO 75319 --- [main] lk.ijse.task_api.TaskApiApplication      : No active profile set, falling back to 1 default profile: "default"
2024-10-19T06:07:16.745+05:30  INFO 75319 --- [main] .s.d.r.c.RepositoryConfigurationDelegate : Bootstrapping Spring Data JPA repositories in DEFAULT mode.
2024-10-19T06:07:16.806+05:30  INFO 75319 --- [main] .s.d.r.c.RepositoryConfigurationDelegate : Finished Spring Data repository scanning in 53 ms. Found 2 JPA repository interfaces.
2024-10-19T06:07:17.409+05:30  INFO 75319 --- [main] o.s.b.w.embedded.tomcat.TomcatWebServer  : Tomcat initialized with port 8080 (http)
2024-10-19T06:07:17.425+05:30  INFO 75319 --- [main] o.apache.catalina.core.StandardService   : Starting service [Tomcat]
2024-10-19T06:07:17.425+05:30  INFO 75319 --- [main] o.apache.catalina.core.StandardEngine    : Starting Servlet engine: [Apache Tomcat/10.1.30]
2024-10-19T06:07:17.471+05:30  INFO 75319 --- [main] o.a.c.c.C.[Tomcat].[localhost].[/]       : Initializing Spring embedded WebApplicationContext
2024-10-19T06:07:17.472+05:30  INFO 75319 --- [main] w.s.c.ServletWebServerApplicationContext : Root WebApplicationContext: initialization completed in 1548 ms
2024-10-19T06:07:17.625+05:30  INFO 75319 --- [main] com.zaxxer.hikari.HikariDataSource       : HikariPool-1 - Starting...
2024-10-19T06:07:18.021+05:30  INFO 75319 --- [main] com.zaxxer.hikari.pool.HikariPool        : HikariPool-1 - Added connection com.mysql.cj.jdbc.ConnectionImpl@1578fa9
2024-10-19T06:07:18.023+05:30  INFO 75319 --- [main] com.zaxxer.hikari.HikariDataSource       : HikariPool-1 - Start completed.
2024-10-19T06:07:18.066+05:30  INFO 75319 --- [main] o.hibernate.jpa.internal.util.LogHelper  : HHH000204: Processing PersistenceUnitInfo [name: default]
2024-10-19T06:07:18.108+05:30  INFO 75319 --- [main] org.hibernate.Version                    : HHH000412: Hibernate ORM core version 6.5.3.Final
2024-10-19T06:07:18.142+05:30  INFO 75319 --- [main] o.h.c.internal.RegionFactoryInitiator    : HHH000026: Second-level cache disabled
2024-10-19T06:07:18.531+05:30  INFO 75319 --- [main] o.s.o.j.p.SpringPersistenceUnitInfo      : No LoadTimeWeaver setup: ignoring JPA class transformer
2024-10-19T06:07:18.611+05:30  WARN 75319 --- [main] org.hibernate.orm.deprecation            : HHH90000025: MySQLDialect does not need to be specified explicitly using 'hibernate.dialect' (remove the property setting and it will be selected by default)
2024-10-19T06:07:19.740+05:30  INFO 75319 --- [main] o.h.e.t.j.p.i.JtaPlatformInitiator       : HHH000489: No JTA platform available (set 'hibernate.transaction.jta.platform' to enable JTA platform integration)
2024-10-19T06:07:19.843+05:30  INFO 75319 --- [main] j.LocalContainerEntityManagerFactoryBean : Initialized JPA EntityManagerFactory for persistence unit 'default'
2024-10-19T06:07:20.287+05:30  WARN 75319 --- [main] JpaBaseConfiguration$JpaWebConfiguration : spring.jpa.open-in-view is enabled by default. Therefore, database queries may be performed during view rendering. Explicitly configure spring.jpa.open-in-view to disable this warning
2024-10-19T06:07:20.951+05:30  INFO 75319 --- [main] o.s.b.w.embedded.tomcat.TomcatWebServer  : Tomcat started on port 8080 (http) with context path '/'
2024-10-19T06:07:20.961+05:30  INFO 75319 --- [main] lk.ijse.task_api.TaskApiApplication      : Started TaskApiApplication in 5.862 seconds (process running for 6.847)
2024-10-19T06:09:01.352+05:30  INFO 75319 --- [SpringApplicationShutdownHook] j.LocalContainerEntityManagerFactoryBean : Closing JPA EntityManagerFactory for persistence unit 'default'
2024-10-19T06:09:01.355+05:30  INFO 75319 --- [SpringApplicationShutdownHook] com.zaxxer.hikari.HikariDataSource       : HikariPool-1 - Shutdown initiated...
2024-10-19T06:09:01.363+05:30  INFO 75319 --- [SpringApplicationShutdownHook] com.zaxxer.hikari.HikariDataSource       : HikariPool-1 - Shutdown completed.
2024-10-19T06:09:04.553+05:30  INFO 76821 --- [main] lk.ijse.task_api.TaskApiApplication      : Starting TaskApiApplication using Java 22.0.2 with PID 76821 (/home/ranjith-suranga/Downloads/task-api/target/classes started by ranjith-suranga in /home/ranjith-suranga/Downloads/task-api)
2024-10-19T06:09:04.556+05:30  INFO 76821 --- [main] lk.ijse.task_api.TaskApiApplication      : No active profile set, falling back to 1 default profile: "default"
2024-10-19T06:09:05.465+05:30  INFO 76821 --- [main] .s.d.r.c.RepositoryConfigurationDelegate : Bootstrapping Spring Data JPA repositories in DEFAULT mode.
2024-10-19T06:09:05.545+05:30  INFO 76821 --- [main] .s.d.r.c.RepositoryConfigurationDelegate : Finished Spring Data repository scanning in 53 ms. Found 2 JPA repository interfaces.
2024-10-19T06:09:06.145+05:30  INFO 76821 --- [main] o.s.b.w.embedded.tomcat.TomcatWebServer  : Tomcat initialized with port 8080 (http)
2024-10-19T06:09:06.163+05:30  INFO 76821 --- [main] o.apache.catalina.core.StandardService   : Starting service [Tomcat]
2024-10-19T06:09:06.164+05:30  INFO 76821 --- [main] o.apache.catalina.core.StandardEngine    : Starting Servlet engine: [Apache Tomcat/10.1.30]
2024-10-19T06:09:06.226+05:30  INFO 76821 --- [main] o.a.c.c.C.[Tomcat].[localhost].[/]       : Initializing Spring embedded WebApplicationContext
2024-10-19T06:09:06.227+05:30  INFO 76821 --- [main] w.s.c.ServletWebServerApplicationContext : Root WebApplicationContext: initialization completed in 1587 ms
2024-10-19T06:09:06.391+05:30  INFO 76821 --- [main] com.zaxxer.hikari.HikariDataSource       : HikariPool-1 - Starting...
2024-10-19T06:09:06.766+05:30  INFO 76821 --- [main] com.zaxxer.hikari.pool.HikariPool        : HikariPool-1 - Added connection com.mysql.cj.jdbc.ConnectionImpl@427308f8
2024-10-19T06:09:06.769+05:30  INFO 76821 --- [main] com.zaxxer.hikari.HikariDataSource       : HikariPool-1 - Start completed.
2024-10-19T06:09:06.815+05:30  INFO 76821 --- [main] o.hibernate.jpa.internal.util.LogHelper  : HHH000204: Processing PersistenceUnitInfo [name: default]
2024-10-19T06:09:06.858+05:30  INFO 76821 --- [main] org.hibernate.Version                    : HHH000412: Hibernate ORM core version 6.5.3.Final
2024-10-19T06:09:06.896+05:30  INFO 76821 --- [main] o.h.c.internal.RegionFactoryInitiator    : HHH000026: Second-level cache disabled
2024-10-19T06:09:07.250+05:30  INFO 76821 --- [main] o.s.o.j.p.SpringPersistenceUnitInfo      : No LoadTimeWeaver setup: ignoring JPA class transformer
2024-10-19T06:09:07.330+05:30  WARN 76821 --- [main] org.hibernate.orm.deprecation            : HHH90000025: MySQLDialect does not need to be specified explicitly using 'hibernate.dialect' (remove the property setting and it will be selected by default)
2024-10-19T06:09:08.313+05:30  INFO 76821 --- [main] o.h.e.t.j.p.i.JtaPlatformInitiator       : HHH000489: No JTA platform available (set 'hibernate.transaction.jta.platform' to enable JTA platform integration)
2024-10-19T06:09:08.390+05:30  INFO 76821 --- [main] j.LocalContainerEntityManagerFactoryBean : Initialized JPA EntityManagerFactory for persistence unit 'default'
2024-10-19T06:09:08.847+05:30  WARN 76821 --- [main] JpaBaseConfiguration$JpaWebConfiguration : spring.jpa.open-in-view is enabled by default. Therefore, database queries may be performed during view rendering. Explicitly configure spring.jpa.open-in-view to disable this warning
2024-10-19T06:09:09.475+05:30  INFO 76821 --- [main] o.s.b.w.embedded.tomcat.TomcatWebServer  : Tomcat started on port 8080 (http) with context path '/'
2024-10-19T06:09:09.484+05:30  INFO 76821 --- [main] lk.ijse.task_api.TaskApiApplication      : Started TaskApiApplication in 5.857 seconds (process running for 6.855)
2024-10-19T06:51:45.539+05:30  INFO 90938 --- [main] l.ijse.task_api.service.UserServiceTest  : Starting UserServiceTest using Java 22.0.2 with PID 90938 (started by ranjith-suranga in /home/ranjith-suranga/Downloads/task-api)
2024-10-19T06:51:45.687+05:30 DEBUG 90938 --- [main] l.ijse.task_api.service.UserServiceTest  : Running with Spring Boot v3.3.4, Spring v6.1.13
2024-10-19T06:51:45.689+05:30  INFO 90938 --- [main] l.ijse.task_api.service.UserServiceTest  : The following 1 profile is active: "test"
2024-10-19T06:51:47.442+05:30  INFO 90938 --- [main] .s.d.r.c.RepositoryConfigurationDelegate : Bootstrapping Spring Data JPA repositories in DEFAULT mode.
2024-10-19T06:51:47.548+05:30  INFO 90938 --- [main] .s.d.r.c.RepositoryConfigurationDelegate : Finished Spring Data repository scanning in 91 ms. Found 2 JPA repository interfaces.
2024-10-19T06:51:48.478+05:30  INFO 90938 --- [main] com.zaxxer.hikari.HikariDataSource       : HikariPool-1 - Starting...
2024-10-19T06:51:49.302+05:30  INFO 90938 --- [main] com.zaxxer.hikari.pool.HikariPool        : HikariPool-1 - Added connection com.mysql.cj.jdbc.ConnectionImpl@414b2df5
2024-10-19T06:51:49.305+05:30  INFO 90938 --- [main] com.zaxxer.hikari.HikariDataSource       : HikariPool-1 - Start completed.
2024-10-19T06:51:49.385+05:30  INFO 90938 --- [main] o.hibernate.jpa.internal.util.LogHelper  : HHH000204: Processing PersistenceUnitInfo [name: default]
2024-10-19T06:51:49.490+05:30  INFO 90938 --- [main] org.hibernate.Version                    : HHH000412: Hibernate ORM core version 6.5.3.Final
2024-10-19T06:51:49.582+05:30  INFO 90938 --- [main] o.h.c.internal.RegionFactoryInitiator    : HHH000026: Second-level cache disabled
2024-10-19T06:51:50.105+05:30  INFO 90938 --- [main] o.s.o.j.p.SpringPersistenceUnitInfo      : No LoadTimeWeaver setup: ignoring JPA class transformer
2024-10-19T06:51:50.324+05:30  WARN 90938 --- [main] org.hibernate.orm.deprecation            : HHH90000025: MySQLDialect does not need to be specified explicitly using 'hibernate.dialect' (remove the property setting and it will be selected by default)
2024-10-19T06:51:51.901+05:30  INFO 90938 --- [main] o.h.e.t.j.p.i.JtaPlatformInitiator       : HHH000489: No JTA platform available (set 'hibernate.transaction.jta.platform' to enable JTA platform integration)
2024-10-19T06:51:52.514+05:30  INFO 90938 --- [main] j.LocalContainerEntityManagerFactoryBean : Initialized JPA EntityManagerFactory for persistence unit 'default'
2024-10-19T06:51:53.316+05:30  WARN 90938 --- [main] JpaBaseConfiguration$JpaWebConfiguration : spring.jpa.open-in-view is enabled by default. Therefore, database queries may be performed during view rendering. Explicitly configure spring.jpa.open-in-view to disable this warning
2024-10-19T06:51:54.399+05:30  INFO 90938 --- [main] l.ijse.task_api.service.UserServiceTest  : Started UserServiceTest in 9.532 seconds (process running for 11.427)
2024-10-19T06:51:55.862+05:30  INFO 90938 --- [main] t.c.s.AnnotationConfigContextLoaderUtils : Could not detect default configuration classes for test class [lk.ijse.task_api.service.TaskServiceTest]: TaskServiceTest does not declare any static, non-private, non-final, nested classes annotated with @Configuration.
2024-10-19T06:51:55.866+05:30  INFO 90938 --- [main] .b.t.c.SpringBootTestContextBootstrapper : Found @SpringBootConfiguration lk.ijse.task_api.TaskApiApplication for test class lk.ijse.task_api.service.TaskServiceTest
2024-10-19T06:51:55.971+05:30  INFO 90938 --- [main] l.ijse.task_api.service.TaskServiceTest  : Starting TaskServiceTest using Java 22.0.2 with PID 90938 (started by ranjith-suranga in /home/ranjith-suranga/Downloads/task-api)
2024-10-19T06:51:55.972+05:30 DEBUG 90938 --- [main] l.ijse.task_api.service.TaskServiceTest  : Running with Spring Boot v3.3.4, Spring v6.1.13
2024-10-19T06:51:55.975+05:30  INFO 90938 --- [main] l.ijse.task_api.service.TaskServiceTest  : No active profile set, falling back to 1 default profile: "default"
2024-10-19T06:51:56.454+05:30  INFO 90938 --- [main] .s.d.r.c.RepositoryConfigurationDelegate : Bootstrapping Spring Data JPA repositories in DEFAULT mode.
2024-10-19T06:51:56.480+05:30  INFO 90938 --- [main] .s.d.r.c.RepositoryConfigurationDelegate : Finished Spring Data repository scanning in 24 ms. Found 2 JPA repository interfaces.
2024-10-19T06:51:56.716+05:30  INFO 90938 --- [main] com.zaxxer.hikari.HikariDataSource       : HikariPool-2 - Starting...
2024-10-19T06:51:56.820+05:30  INFO 90938 --- [main] com.zaxxer.hikari.pool.HikariPool        : HikariPool-2 - Added connection com.mysql.cj.jdbc.ConnectionImpl@6f05062b
2024-10-19T06:51:56.821+05:30  INFO 90938 --- [main] com.zaxxer.hikari.HikariDataSource       : HikariPool-2 - Start completed.
2024-10-19T06:51:56.824+05:30  INFO 90938 --- [main] o.hibernate.jpa.internal.util.LogHelper  : HHH000204: Processing PersistenceUnitInfo [name: default]
2024-10-19T06:51:56.831+05:30  INFO 90938 --- [main] o.h.c.internal.RegionFactoryInitiator    : HHH000026: Second-level cache disabled
2024-10-19T06:51:56.849+05:30  INFO 90938 --- [main] o.s.o.j.p.SpringPersistenceUnitInfo      : No LoadTimeWeaver setup: ignoring JPA class transformer
2024-10-19T06:51:56.853+05:30  WARN 90938 --- [main] org.hibernate.orm.deprecation            : HHH90000025: MySQLDialect does not need to be specified explicitly using 'hibernate.dialect' (remove the property setting and it will be selected by default)
2024-10-19T06:51:57.116+05:30  INFO 90938 --- [main] o.h.e.t.j.p.i.JtaPlatformInitiator       : HHH000489: No JTA platform available (set 'hibernate.transaction.jta.platform' to enable JTA platform integration)
2024-10-19T06:51:57.480+05:30  INFO 90938 --- [main] j.LocalContainerEntityManagerFactoryBean : Initialized JPA EntityManagerFactory for persistence unit 'default'
2024-10-19T06:51:57.607+05:30  WARN 90938 --- [main] JpaBaseConfiguration$JpaWebConfiguration : spring.jpa.open-in-view is enabled by default. Therefore, database queries may be performed during view rendering. Explicitly configure spring.jpa.open-in-view to disable this warning
2024-10-19T06:51:57.962+05:30  INFO 90938 --- [main] l.ijse.task_api.service.TaskServiceTest  : Started TaskServiceTest in 2.089 seconds (process running for 14.989)
2024-10-19T06:51:58.682+05:30  INFO 90938 --- [main] t.c.s.AnnotationConfigContextLoaderUtils : Could not detect default configuration classes for test class [lk.ijse.task_api.TaskApiApplicationTests]: TaskApiApplicationTests does not declare any static, non-private, non-final, nested classes annotated with @Configuration.
2024-10-19T06:51:58.691+05:30  INFO 90938 --- [main] .b.t.c.SpringBootTestContextBootstrapper : Found @SpringBootConfiguration lk.ijse.task_api.TaskApiApplication for test class lk.ijse.task_api.TaskApiApplicationTests
2024-10-19T06:51:58.735+05:30  INFO 90938 --- [SpringApplicationShutdownHook] j.LocalContainerEntityManagerFactoryBean : Closing JPA EntityManagerFactory for persistence unit 'default'
2024-10-19T06:51:58.738+05:30  INFO 90938 --- [SpringApplicationShutdownHook] com.zaxxer.hikari.HikariDataSource       : HikariPool-1 - Shutdown initiated...
2024-10-19T06:51:58.756+05:30  INFO 90938 --- [SpringApplicationShutdownHook] com.zaxxer.hikari.HikariDataSource       : HikariPool-1 - Shutdown completed.
2024-10-19T06:51:58.762+05:30  INFO 90938 --- [SpringApplicationShutdownHook] j.LocalContainerEntityManagerFactoryBean : Closing JPA EntityManagerFactory for persistence unit 'default'
2024-10-19T06:51:58.765+05:30  INFO 90938 --- [SpringApplicationShutdownHook] com.zaxxer.hikari.HikariDataSource       : HikariPool-2 - Shutdown initiated...
2024-10-19T06:51:58.774+05:30  INFO 90938 --- [SpringApplicationShutdownHook] com.zaxxer.hikari.HikariDataSource       : HikariPool-2 - Shutdown completed.
2024-10-19T06:52:55.742+05:30  WARN 76821 --- [HikariPool-1 housekeeper] com.zaxxer.hikari.pool.HikariPool        : HikariPool-1 - Thread starvation or clock leap detected (housekeeper delta=45s755ms902µs504ns).
2024-10-19T07:53:05.012+05:30  INFO 76821 --- [SpringApplicationShutdownHook] j.LocalContainerEntityManagerFactoryBean : Closing JPA EntityManagerFactory for persistence unit 'default'
2024-10-19T07:53:05.252+05:30  INFO 76821 --- [SpringApplicationShutdownHook] com.zaxxer.hikari.HikariDataSource       : HikariPool-1 - Shutdown initiated...
2024-10-19T07:53:05.345+05:30  INFO 76821 --- [SpringApplicationShutdownHook] com.zaxxer.hikari.HikariDataSource       : HikariPool-1 - Shutdown completed.
